===========================================================================
report_checks -path_delay max (Setup)
===========================================================================
Startpoint: pc_reg[0] (rising edge-triggered flip-flop clocked by clk)
Endpoint: registers_reg[15][31] (rising edge-triggered flip-flop clocked by clk)
Path Group: clk
Path Type: max

  Delay    Time   Description
---------------------------------------------------------
   0.00    0.00   clock clk (rise edge)
   0.00    0.00   clock network delay (propagated)
   0.35    0.35 ^ pc_reg[0]/Q (sky130_fd_sc_hd__dfxtp_1)
   1.20    1.55 ^ imem_addr_OBUF[0]_inst/O (sky130_fd_sc_hd__buf_4)
   ...     ...    (Data path through instruction decode and ALU)
   5.60    8.10 ^ alu_result_logic/Y (sky130_fd_sc_hd__a21o_1)
   0.40    8.50 ^ registers_reg[15][31]/D (sky130_fd_sc_hd__dfxtp_1)
   8.50    8.50   data arrival time

  10.00   10.00   clock clk (rise edge)
   0.10   10.10   clock network delay (propagated)
  -0.10   10.00   clock uncertainty
  -0.05    9.95   library setup time
   9.95    9.95   data required time
---------------------------------------------------------
   9.95    9.95   data required time
  -8.50   -8.50   data arrival time
---------------------------------------------------------
   1.45    1.45   slack (MET)


===========================================================================
report_checks -path_delay min (Hold)
===========================================================================
Startpoint: registers_reg[5][0] (rising edge-triggered flip-flop clocked by clk)
Endpoint: registers_reg[10][0] (rising edge-triggered flip-flop clocked by clk)
Path Group: clk
Path Type: min

  Delay    Time   Description
---------------------------------------------------------
   0.00    0.00   clock clk (rise edge)
   0.00    0.00   clock network delay (propagated)
   0.22    0.22 ^ registers_reg[5][0]/Q (sky130_fd_sc_hd__dfxtp_1)
   0.05    0.27 ^ hold_fix_buf_1/Y (sky130_fd_sc_hd__buf_1)
   0.05    0.32 ^ registers_reg[10][0]/D (sky130_fd_sc_hd__dfxtp_1)
   0.32    0.32   data arrival time

   0.00    0.00   clock clk (rise edge)
   0.12    0.12   clock network delay (propagated)
   0.05    0.17   clock uncertainty
   0.02    0.19   library hold time
   0.19    0.19   data required time
---------------------------------------------------------
   0.19    0.19   data required time
  -0.32   -0.32   data arrival time
---------------------------------------------------------
   0.13    0.13   slack (MET)
